<?xml version="1.0" encoding="UTF-8"?>
<testsuite xmlns:xsi="http://www.w3.org/2001/XMLSchema-instance" xsi:noNamespaceSchemaLocation="https://maven.apache.org/surefire/maven-surefire-plugin/xsd/surefire-test-report.xsd" name="cucumber.options.TestRunner" time="4.393" tests="5" errors="3" skipped="0" failures="2">
  <properties>
[...]
</properties>
  <testcase name="Check User able to create new userID with valid data" classname="Title of your feature" time="3.197">
    <failure message="expected:&lt;503&gt; but was:&lt;201&gt;" type="java.lang.AssertionError"><![CDATA[java.lang.AssertionError: expected:<503> but was:<201>
]]></failure>
    <system-out><![CDATA[
@tag @tag1 @regression
Scenario: Check User able to create new userID with valid data                &amp#27;[90m# src/test/resources/features/Post.feature:9&amp#27;[0m
  &amp#27;[32mGiven &amp#27;[0m&amp#27;[32mUser sets basic Authorization&amp#27;[0m                                         &amp#27;[90m# stepDefinition.GetAllUser.user_sets_basic_authorization()&amp#27;[0m
sheetPathsrc/test/resources/data/testData.xlsx
sheetNamepost
keydatakeyvaluevalidpost
keyFirstNamevalueonetwo
keyLastNamevalueone
keyemailidvalueinnmmmmmmmmjkkkjnnmiiujj@gmail.com
keycontactnumbervalue3103799634
keycountryvalueusa
keyplotnumbervalueh-1
keystreetvaluewaterbury
keyzipcodevalue67856
keystatevaluega
  &amp#27;[32mGiven &amp#27;[0m&amp#27;[32mUser able to create new User with fields from &amp#27;[0m&amp#27;[32m&amp#27;[1m"post"&amp#27;[0m&amp#27;[32m with &amp#27;[0m&amp#27;[32m&amp#27;[1m"validpost"&amp#27;[0m &amp#27;[90m# stepDefinition.User.user_able_to_create_new_user_with_fields_from_with(java.lang.String,java.lang.String)&amp#27;[0m
/createusers
  &amp#27;[32mWhen &amp#27;[0m&amp#27;[32muser calls &amp#27;[0m&amp#27;[32m&amp#27;[1m"CreateUserAPI"&amp#27;[0m&amp#27;[32m with &amp#27;[0m&amp#27;[32m&amp#27;[1m"POST"&amp#27;[0m&amp#27;[32m http request&amp#27;[0m                    &amp#27;[90m# stepDefinition.User.user_calls_with_http_request(java.lang.String,java.lang.String)&amp#27;[0m
HTTP/1.1 503 Service Unavailable
Connection: keep-alive
Server: Cowboy
Date: Sun, 24 Mar 2024 17:38:08 GMT
Content-Length: 511
Report-To: {"group":"heroku-nel","max_age":3600,"endpoints":[{"url":"https://nel.heroku.com/reports?ts=1711301888&sid=1b10b0ff-8a76-4548-befa-353fc6c6c045&s=O2LpTXDJ355ZeUN8%2FCuuSZuzssbiCaRoiFKadHfCbaI%3D"}]}
Reporting-Endpoints: heroku-nel=https://nel.heroku.com/reports?ts=1711301888&sid=1b10b0ff-8a76-4548-befa-353fc6c6c045&s=O2LpTXDJ355ZeUN8%2FCuuSZuzssbiCaRoiFKadHfCbaI%3D
Nel: {"report_to":"heroku-nel","max_age":3600,"success_fraction":0.005,"failure_fraction":0.05,"response_headers":["Via"]}
Content-Type: text/html; charset=utf-8
Cache-Control: no-cache, no-store

<html>
  <head>
    <meta name="viewport" content="width=device-width, initial-scale=1"/>
    <meta charset="utf-8"/>
    <title>Offline for Maintenance</title>
    <style media="screen">
		  html,body,iframe {
			margin: 0;
			padding: 0;
		  }
		  html,body {
			height: 100%;
			overflow: hidden;
		  }
		  iframe {
			width: 100%;
			height: 100%;
			border: 0;
		  }
		</style>
  </head>
  <body>
    <iframe frameborder="1" scrolling="auto" src="//www.herokucdn.com/error-pages/maintenance-mode.html"/>
  </body>
</html>
  &amp#27;[31mThen &amp#27;[0m&amp#27;[31mthe API call got success with status code &amp#27;[0m&amp#27;[31m&amp#27;[1m201&amp#27;[0m                          &amp#27;[90m# stepDefinition.User.the_api_call_got_success_with_status_code(int)&amp#27;[0m
      &amp#27;[31mjava.lang.AssertionError: expected:<503> but was:<201>
	at org.junit.Assert.fail(Assert.java:89)
	at org.junit.Assert.failNotEquals(Assert.java:835)
	at org.junit.Assert.assertEquals(Assert.java:647)
	at org.junit.Assert.assertEquals(Assert.java:633)
	at stepDefinition.User.the_api_call_got_success_with_status_code(User.java:65)
	at âœ½.the API call got success with status code 201(file:///C:/Users/rashm/OneDrive/Desktop/UserAPI2/src/test/resources/features/Post.feature:12)
&amp#27;[0m
  &amp#27;[36mAnd &amp#27;[0m&amp#27;[36m&amp#27;[0m&amp#27;[36m&amp#27;[1m"status"&amp#27;[0m&amp#27;[36m in response body is &amp#27;[0m&amp#27;[36m&amp#27;[1m"OK"&amp#27;[0m                                       &amp#27;[90m# stepDefinition.User.in_response_body_is(java.lang.String,java.lang.String)&amp#27;[0m
  &amp#27;[36mAnd &amp#27;[0m&amp#27;[36m&amp#27;[0m&amp#27;[36m&amp#27;[1m"scope"&amp#27;[0m&amp#27;[36m in response body is &amp#27;[0m&amp#27;[36m&amp#27;[1m"APP"&amp#27;[0m                                       &amp#27;[90m# stepDefinition.User.in_response_body_is(java.lang.String,java.lang.String)&amp#27;[0m
  &amp#27;[36mAnd &amp#27;[0m&amp#27;[36mverify user  &amp#27;[0m&amp#27;[36m&amp#27;[1m"GetuseridAPI"&amp#27;[0m&amp#27;[36m using &amp#27;[0m&amp#27;[36m&amp#27;[1m"GET"&amp#27;[0m                                 &amp#27;[90m# stepDefinition.User.verify_user_id_using(java.lang.String,java.lang.String)&amp#27;[0m
]]></system-out>
    <system-err><![CDATA[Mar 24, 2024 1:38:04 PM io.cucumber.core.options.CucumberPropertiesParser lambda$warnWhenCucumberOptionsIsUsed$2
WARNING: Passing commandline options via the property 'cucumber.options' is no longer supported. Please use individual properties instead. See the java doc on io.cucumber.core.options.Constants for details.
ERROR StatusLogger Log4j2 could not find a logging implementation. Please add log4j-core to the classpath. Using SimpleLogger to log to the console...
]]></system-err>
  </testcase>
  <testcase name="Verify if get all user functionality is working" classname="Title of your feature" time="0.171">
    <failure message="expected:&lt;503&gt; but was:&lt;200&gt;" type="java.lang.AssertionError"><![CDATA[java.lang.AssertionError: expected:<503> but was:<200>
]]></failure>
    <system-out><![CDATA[
@tag @tag2 @regression
Scenario: Verify if get all user functionality is working &amp#27;[90m# src/test/resources/features/Post.feature:18&amp#27;[0m
  &amp#27;[32mGiven &amp#27;[0m&amp#27;[32mUser sets basic Authorization&amp#27;[0m                     &amp#27;[90m# stepDefinition.GetAllUser.user_sets_basic_authorization()&amp#27;[0m
  &amp#27;[32mGiven &amp#27;[0m&amp#27;[32mUser able to get all User&amp#27;[0m                         &amp#27;[90m# stepDefinition.User.user_able_to_get_all_user()&amp#27;[0m
/users
  &amp#27;[32mWhen &amp#27;[0m&amp#27;[32muser calls &amp#27;[0m&amp#27;[32m&amp#27;[1m"GetUserAPI"&amp#27;[0m&amp#27;[32m with &amp#27;[0m&amp#27;[32m&amp#27;[1m"GET"&amp#27;[0m&amp#27;[32m http request&amp#27;[0m    &amp#27;[90m# stepDefinition.User.user_calls_with_http_request(java.lang.String,java.lang.String)&amp#27;[0m
HTTP/1.1 503 Service Unavailable
Connection: keep-alive
Server: Cowboy
Date: Sun, 24 Mar 2024 17:38:09 GMT
Content-Length: 511
Report-To: {"group":"heroku-nel","max_age":3600,"endpoints":[{"url":"https://nel.heroku.com/reports?ts=1711301889&sid=1b10b0ff-8a76-4548-befa-353fc6c6c045&s=UkCaNBQ%2Bfn3stwTwsE3Z0ln2Ur1WoSrE38h%2BiUgAz68%3D"}]}
Reporting-Endpoints: heroku-nel=https://nel.heroku.com/reports?ts=1711301889&sid=1b10b0ff-8a76-4548-befa-353fc6c6c045&s=UkCaNBQ%2Bfn3stwTwsE3Z0ln2Ur1WoSrE38h%2BiUgAz68%3D
Nel: {"report_to":"heroku-nel","max_age":3600,"success_fraction":0.005,"failure_fraction":0.05,"response_headers":["Via"]}
Content-Type: text/html; charset=utf-8
Cache-Control: no-cache, no-store

<html>
  <head>
    <meta name="viewport" content="width=device-width, initial-scale=1"/>
    <meta charset="utf-8"/>
    <title>Offline for Maintenance</title>
    <style media="screen">
		  html,body,iframe {
			margin: 0;
			padding: 0;
		  }
		  html,body {
			height: 100%;
			overflow: hidden;
		  }
		  iframe {
			width: 100%;
			height: 100%;
			border: 0;
		  }
		</style>
  </head>
  <body>
    <iframe frameborder="1" scrolling="auto" src="//www.herokucdn.com/error-pages/maintenance-mode.html"/>
  </body>
</html>
  &amp#27;[31mThen &amp#27;[0m&amp#27;[31mthe API call got success with status code &amp#27;[0m&amp#27;[31m&amp#27;[1m200&amp#27;[0m      &amp#27;[90m# stepDefinition.User.the_api_call_got_success_with_status_code(int)&amp#27;[0m
      &amp#27;[31mjava.lang.AssertionError: expected:<503> but was:<200>
	at org.junit.Assert.fail(Assert.java:89)
	at org.junit.Assert.failNotEquals(Assert.java:835)
	at org.junit.Assert.assertEquals(Assert.java:647)
	at org.junit.Assert.assertEquals(Assert.java:633)
	at stepDefinition.User.the_api_call_got_success_with_status_code(User.java:65)
	at âœ½.the API call got success with status code 200(file:///C:/Users/rashm/OneDrive/Desktop/UserAPI2/src/test/resources/features/Post.feature:21)
&amp#27;[0m
  &amp#27;[36mAnd &amp#27;[0m&amp#27;[36m&amp#27;[0m&amp#27;[36m&amp#27;[1m"status"&amp#27;[0m&amp#27;[36m in response body is &amp#27;[0m&amp#27;[36m&amp#27;[1m"OK"&amp#27;[0m                   &amp#27;[90m# stepDefinition.User.in_response_body_is(java.lang.String,java.lang.String)&amp#27;[0m
]]></system-out>
  </testcase>
  <testcase name="Verify if get user by name functionality is working" classname="Title of your feature" time="0.019">
    <error message="parameterValue cannot be null" type="java.lang.IllegalArgumentException">java.lang.IllegalArgumentException: parameterValue cannot be null
</error>
    <system-out><![CDATA[
@tag @tag3 @regression
Scenario: Verify if get user by name functionality is working &amp#27;[90m# src/test/resources/features/Post.feature:25&amp#27;[0m
  &amp#27;[32mGiven &amp#27;[0m&amp#27;[32mUser sets basic Authorization&amp#27;[0m                         &amp#27;[90m# stepDefinition.GetAllUser.user_sets_basic_authorization()&amp#27;[0m
  &amp#27;[31mGiven &amp#27;[0m&amp#27;[31mUser able to get  User by name&amp#27;[0m                        &amp#27;[90m# stepDefinition.User.user_able_to_get_user_by_name()&amp#27;[0m
      &amp#27;[31mjava.lang.IllegalArgumentException: parameterValue cannot be null
	at java.base/jdk.internal.reflect.NativeConstructorAccessorImpl.newInstance0(Native Method)
	at java.base/jdk.internal.reflect.NativeConstructorAccessorImpl.newInstance(NativeConstructorAccessorImpl.java:77)
	at java.base/jdk.internal.reflect.DelegatingConstructorAccessorImpl.newInstance(DelegatingConstructorAccessorImpl.java:45)
	at java.base/java.lang.reflect.Constructor.newInstanceWithCaller(Constructor.java:499)
	at java.base/java.lang.reflect.Constructor.newInstance(Constructor.java:480)
	at org.codehaus.groovy.reflection.CachedConstructor.invoke(CachedConstructor.java:73)
	at org.codehaus.groovy.reflection.CachedConstructor.doConstructorInvoke(CachedConstructor.java:60)
	at org.codehaus.groovy.runtime.callsite.ConstructorSite$ConstructorSiteNoUnwrap.callConstructor(ConstructorSite.java:86)
	at org.codehaus.groovy.runtime.callsite.CallSiteArray.defaultCallConstructor(CallSiteArray.java:57)
	at org.codehaus.groovy.runtime.callsite.AbstractCallSite.callConstructor(AbstractCallSite.java:263)
	at org.codehaus.groovy.runtime.callsite.AbstractCallSite.callConstructor(AbstractCallSite.java:277)
	at io.restassured.internal.common.assertion.AssertParameter.notNull(AssertParameter.groovy:26)
	at io.restassured.internal.common.assertion.AssertParameter$notNull.callStatic(Unknown Source)
	at org.codehaus.groovy.runtime.callsite.CallSiteArray.defaultCallStatic(CallSiteArray.java:53)
	at org.codehaus.groovy.runtime.callsite.AbstractCallSite.callStatic(AbstractCallSite.java:217)
	at org.codehaus.groovy.runtime.callsite.AbstractCallSite.callStatic(AbstractCallSite.java:240)
	at io.restassured.internal.RequestSpecificationImpl.pathParam(RequestSpecificationImpl.groovy:515)
	at stepDefinition.User.user_able_to_get_user_by_name(User.java:105)
	at âœ½.User able to get  User by name(file:///C:/Users/rashm/OneDrive/Desktop/UserAPI2/src/test/resources/features/Post.feature:26)
&amp#27;[0m
  &amp#27;[36mWhen &amp#27;[0m&amp#27;[36muser calls &amp#27;[0m&amp#27;[36m&amp#27;[1m"GetUserNameAPI"&amp#27;[0m&amp#27;[36m with &amp#27;[0m&amp#27;[36m&amp#27;[1m"GET"&amp#27;[0m&amp#27;[36m http request&amp#27;[0m    &amp#27;[90m# stepDefinition.User.user_calls_with_http_request(java.lang.String,java.lang.String)&amp#27;[0m
  &amp#27;[36mThen &amp#27;[0m&amp#27;[36mthe API call got success with status code &amp#27;[0m&amp#27;[36m&amp#27;[1m200&amp#27;[0m          &amp#27;[90m# stepDefinition.User.the_api_call_got_success_with_status_code(int)&amp#27;[0m
  &amp#27;[36mAnd &amp#27;[0m&amp#27;[36m&amp#27;[0m&amp#27;[36m&amp#27;[1m"status"&amp#27;[0m&amp#27;[36m in response body is &amp#27;[0m&amp#27;[36m&amp#27;[1m"OK"&amp#27;[0m                       &amp#27;[90m# stepDefinition.User.in_response_body_is(java.lang.String,java.lang.String)&amp#27;[0m
]]></system-out>
  </testcase>
  <testcase name="Verify if update user functionality is working" classname="Title of your feature" time="0.017">
    <error message="parameterValue cannot be null" type="java.lang.IllegalArgumentException">java.lang.IllegalArgumentException: parameterValue cannot be null
</error>
    <system-out><![CDATA[
@tag @tag4 @regression
Scenario: Verify if update user functionality is working  &amp#27;[90m# src/test/resources/features/Post.feature:32&amp#27;[0m
  &amp#27;[32mGiven &amp#27;[0m&amp#27;[32mUser sets basic Authorization&amp#27;[0m                     &amp#27;[90m# stepDefinition.GetAllUser.user_sets_basic_authorization()&amp#27;[0m
  &amp#27;[31mGiven &amp#27;[0m&amp#27;[31mUser able to update new User&amp#27;[0m                      &amp#27;[90m# stepDefinition.User.user_able_to_update_new_user()&amp#27;[0m
      &amp#27;[31mjava.lang.IllegalArgumentException: parameterValue cannot be null
	at java.base/jdk.internal.reflect.NativeConstructorAccessorImpl.newInstance0(Native Method)
	at java.base/jdk.internal.reflect.NativeConstructorAccessorImpl.newInstance(NativeConstructorAccessorImpl.java:77)
	at java.base/jdk.internal.reflect.DelegatingConstructorAccessorImpl.newInstance(DelegatingConstructorAccessorImpl.java:45)
	at java.base/java.lang.reflect.Constructor.newInstanceWithCaller(Constructor.java:499)
	at java.base/java.lang.reflect.Constructor.newInstance(Constructor.java:480)
	at org.codehaus.groovy.reflection.CachedConstructor.invoke(CachedConstructor.java:73)
	at org.codehaus.groovy.reflection.CachedConstructor.doConstructorInvoke(CachedConstructor.java:60)
	at org.codehaus.groovy.runtime.callsite.ConstructorSite$ConstructorSiteNoUnwrap.callConstructor(ConstructorSite.java:86)
	at org.codehaus.groovy.runtime.callsite.AbstractCallSite.callConstructor(AbstractCallSite.java:277)
	at io.restassured.internal.common.assertion.AssertParameter.notNull(AssertParameter.groovy:26)
	at io.restassured.internal.common.assertion.AssertParameter$notNull.callStatic(Unknown Source)
	at io.restassured.internal.RequestSpecificationImpl.pathParam(RequestSpecificationImpl.groovy:515)
	at stepDefinition.User.user_able_to_update_new_user(User.java:98)
	at âœ½.User able to update new User(file:///C:/Users/rashm/OneDrive/Desktop/UserAPI2/src/test/resources/features/Post.feature:33)
&amp#27;[0m
  &amp#27;[36mWhen &amp#27;[0m&amp#27;[36muser calls &amp#27;[0m&amp#27;[36m&amp#27;[1m"UpdateUserAPI"&amp#27;[0m&amp#27;[36m with &amp#27;[0m&amp#27;[36m&amp#27;[1m"PUT"&amp#27;[0m&amp#27;[36m http request&amp#27;[0m &amp#27;[90m# stepDefinition.User.user_calls_with_http_request(java.lang.String,java.lang.String)&amp#27;[0m
  &amp#27;[36mThen &amp#27;[0m&amp#27;[36mthe API call got success with status code &amp#27;[0m&amp#27;[36m&amp#27;[1m200&amp#27;[0m      &amp#27;[90m# stepDefinition.User.the_api_call_got_success_with_status_code(int)&amp#27;[0m
  &amp#27;[36mAnd &amp#27;[0m&amp#27;[36m&amp#27;[0m&amp#27;[36m&amp#27;[1m"status"&amp#27;[0m&amp#27;[36m in response body is &amp#27;[0m&amp#27;[36m&amp#27;[1m"OK"&amp#27;[0m                   &amp#27;[90m# stepDefinition.User.in_response_body_is(java.lang.String,java.lang.String)&amp#27;[0m
  &amp#27;[36mAnd &amp#27;[0m&amp#27;[36mverify user  &amp#27;[0m&amp#27;[36m&amp#27;[1m"GetuseridAPI"&amp#27;[0m&amp#27;[36m using &amp#27;[0m&amp#27;[36m&amp#27;[1m"GET"&amp#27;[0m             &amp#27;[90m# stepDefinition.User.verify_user_id_using(java.lang.String,java.lang.String)&amp#27;[0m
]]></system-out>
  </testcase>
  <testcase name="Verify if Delete user functionality is working" classname="Title of your feature" time="0.279">
    <error message="Failed to parse the JSON document" type="io.restassured.path.json.exception.JsonPathException"><![CDATA[io.restassured.path.json.exception.JsonPathException: Failed to parse the JSON document
Caused by: groovy.json.JsonException: Lexing failed on line: 1, column: 1, while reading '<', no possible valid JSON value or punctuation could be recognized.
]]></error>
    <system-out><![CDATA[
@tag @Delete @regression
Scenario: Verify if Delete user functionality is working     &amp#27;[90m# src/test/resources/features/Post.feature:40&amp#27;[0m
sheetPathsrc/test/resources/data/testData.xlsx
sheetNamepost
keydatakeyvaluevalidpost
keyFirstNamevalueonetwo
keyLastNamevalueone
keyemailidvalueinnmmmmmmmmjkkkjnnmiiujj@gmail.com
keycontactnumbervalue3103799634
keycountryvalueusa
keyplotnumbervalueh-1
keystreetvaluewaterbury
keyzipcodevalue67856
keystatevaluega
/createusers
      &amp#27;[31mio.restassured.path.json.exception.JsonPathException: Failed to parse the JSON document
	at io.restassured.path.json.JsonPath$ExceptionCatcher.invoke(JsonPath.java:1002)
	at io.restassured.path.json.JsonPath$4.doParseWith(JsonPath.java:967)
	at io.restassured.path.json.JsonPath$JsonParser.parseWith(JsonPath.java:1047)
	at io.restassured.path.json.JsonPath.get(JsonPath.java:202)
	at dataProvider.Utils.getJsonPath(Utils.java:51)
	at stepDefinition.User.verify_user_id_using(User.java:81)
	at stepDefinition.Hooks.beforeScenario(Hooks.java:22)
Caused by: groovy.json.JsonException: Lexing failed on line: 1, column: 1, while reading '<', no possible valid JSON value or punctuation could be recognized.
	at groovy.json.JsonLexer.nextToken(JsonLexer.java:86)
	at groovy.json.JsonLexer$nextToken.call(Unknown Source)
	at org.codehaus.groovy.runtime.callsite.CallSiteArray.defaultCall(CallSiteArray.java:45)
	at org.codehaus.groovy.runtime.callsite.AbstractCallSite.call(AbstractCallSite.java:125)
	at org.codehaus.groovy.runtime.callsite.AbstractCallSite.call(AbstractCallSite.java:130)
	at io.restassured.internal.path.json.ConfigurableJsonSlurper.parse(ConfigurableJsonSlurper.groovy:97)
	at io.restassured.internal.path.json.ConfigurableJsonSlurper$parse.callCurrent(Unknown Source)
	at org.codehaus.groovy.runtime.callsite.CallSiteArray.defaultCallCurrent(CallSiteArray.java:49)
	at org.codehaus.groovy.runtime.callsite.AbstractCallSite.callCurrent(AbstractCallSite.java:171)
	at org.codehaus.groovy.runtime.callsite.AbstractCallSite.callCurrent(AbstractCallSite.java:185)
	at io.restassured.internal.path.json.ConfigurableJsonSlurper.parseText(ConfigurableJsonSlurper.groovy:83)
	at io.restassured.path.json.JsonPath$4$1.method(JsonPath.java:965)
	at io.restassured.path.json.JsonPath$ExceptionCatcher.invoke(JsonPath.java:1000)
	at io.restassured.path.json.JsonPath$4.doParseWith(JsonPath.java:967)
	at io.restassured.path.json.JsonPath$JsonParser.parseWith(JsonPath.java:1047)
	at io.restassured.path.json.JsonPath.get(JsonPath.java:202)
	at dataProvider.Utils.getJsonPath(Utils.java:51)
	at stepDefinition.User.verify_user_id_using(User.java:81)
	at stepDefinition.Hooks.beforeScenario(Hooks.java:22)
	at java.base/jdk.internal.reflect.NativeMethodAccessorImpl.invoke0(Native Method)
	at java.base/jdk.internal.reflect.NativeMethodAccessorImpl.invoke(NativeMethodAccessorImpl.java:77)
	at java.base/jdk.internal.reflect.DelegatingMethodAccessorImpl.invoke(DelegatingMethodAccessorImpl.java:43)
	at java.base/java.lang.reflect.Method.invoke(Method.java:568)
	at io.cucumber.java.Invoker.doInvoke(Invoker.java:66)
	at io.cucumber.java.Invoker.invoke(Invoker.java:24)
	at io.cucumber.java.AbstractGlueDefinition.invokeMethod(AbstractGlueDefinition.java:47)
	at io.cucumber.java.JavaHookDefinition.execute(JavaHookDefinition.java:64)
	at io.cucumber.core.runner.CoreHookDefinition.execute(CoreHookDefinition.java:46)
	at io.cucumber.core.runner.HookDefinitionMatch.runStep(HookDefinitionMatch.java:21)
	at io.cucumber.core.runner.ExecutionMode$1.execute(ExecutionMode.java:10)
	at io.cucumber.core.runner.TestStep.executeStep(TestStep.java:84)
	at io.cucumber.core.runner.TestStep.run(TestStep.java:56)
	at io.cucumber.core.runner.TestCase.run(TestCase.java:78)
	at io.cucumber.core.runner.Runner.runPickle(Runner.java:75)
	at io.cucumber.junit.PickleRunners$NoStepDescriptions.lambda$run$0(PickleRunners.java:151)
	at io.cucumber.core.runtime.CucumberExecutionContext.lambda$runTestCase$5(CucumberExecutionContext.java:137)
	at io.cucumber.core.runtime.RethrowingThrowableCollector.executeAndThrow(RethrowingThrowableCollector.java:23)
	at io.cucumber.core.runtime.CucumberExecutionContext.runTestCase(CucumberExecutionContext.java:137)
	at io.cucumber.junit.PickleRunners$NoStepDescriptions.run(PickleRunners.java:148)
	at io.cucumber.junit.FeatureRunner.runChild(FeatureRunner.java:144)
	at io.cucumber.junit.FeatureRunner.runChild(FeatureRunner.java:28)
	at org.junit.runners.ParentRunner$4.run(ParentRunner.java:331)
	at org.junit.runners.ParentRunner$1.schedule(ParentRunner.java:79)
	at org.junit.runners.ParentRunner.runChildren(ParentRunner.java:329)
	at org.junit.runners.ParentRunner.access$100(ParentRunner.java:66)
	at org.junit.runners.ParentRunner$2.evaluate(ParentRunner.java:293)
	at org.junit.runners.ParentRunner$3.evaluate(ParentRunner.java:306)
	at org.junit.runners.ParentRunner.run(ParentRunner.java:413)
	at io.cucumber.junit.FeatureRunner.run(FeatureRunner.java:137)
	at io.cucumber.junit.Cucumber.runChild(Cucumber.java:196)
	at io.cucumber.junit.Cucumber.runChild(Cucumber.java:89)
	at org.junit.runners.ParentRunner$4.run(ParentRunner.java:331)
	at org.junit.runners.ParentRunner$1.schedule(ParentRunner.java:79)
	at org.junit.runners.ParentRunner.runChildren(ParentRunner.java:329)
	at org.junit.runners.ParentRunner.access$100(ParentRunner.java:66)
	at org.junit.runners.ParentRunner$2.evaluate(ParentRunner.java:293)
	at io.cucumber.core.runtime.CucumberExecutionContext.lambda$runFeatures$6(CucumberExecutionContext.java:148)
	at io.cucumber.core.runtime.CucumberExecutionContext.execute(CucumberExecutionContext.java:163)
	at io.cucumber.core.runtime.CucumberExecutionContext.runFeatures(CucumberExecutionContext.java:146)
	at io.cucumber.junit.Cucumber$StartAndFinishTestRun.evaluate(Cucumber.java:226)
	at org.junit.runners.ParentRunner$3.evaluate(ParentRunner.java:306)
	at org.junit.runners.ParentRunner.run(ParentRunner.java:413)
	at org.apache.maven.surefire.junit4.JUnit4Provider.execute(JUnit4Provider.java:365)
	at org.apache.maven.surefire.junit4.JUnit4Provider.executeWithRerun(JUnit4Provider.java:273)
	at org.apache.maven.surefire.junit4.JUnit4Provider.executeTestSet(JUnit4Provider.java:238)
	at org.apache.maven.surefire.junit4.JUnit4Provider.invoke(JUnit4Provider.java:159)
	at org.apache.maven.surefire.booter.ForkedBooter.invokeProviderInSameClassLoader(ForkedBooter.java:383)
	at org.apache.maven.surefire.booter.ForkedBooter.runSuitesInProcess(ForkedBooter.java:344)
	at org.apache.maven.surefire.booter.ForkedBooter.execute(ForkedBooter.java:125)
	at org.apache.maven.surefire.booter.ForkedBooter.main(ForkedBooter.java:417)
&amp#27;[0m
  &amp#27;[36mGiven &amp#27;[0m&amp#27;[36mUser sets basic Authorization&amp#27;[0m                        &amp#27;[90m# stepDefinition.GetAllUser.user_sets_basic_authorization()&amp#27;[0m
  &amp#27;[36mGiven &amp#27;[0m&amp#27;[36mUser able to delete new User&amp#27;[0m                         &amp#27;[90m# stepDefinition.User.user_able_to_create_new_user()&amp#27;[0m
  &amp#27;[36mWhen &amp#27;[0m&amp#27;[36muser calls &amp#27;[0m&amp#27;[36m&amp#27;[1m"DeleteUserAPI"&amp#27;[0m&amp#27;[36m with &amp#27;[0m&amp#27;[36m&amp#27;[1m"DELETE"&amp#27;[0m&amp#27;[36m http request&amp#27;[0m &amp#27;[90m# stepDefinition.User.user_calls_with_http_request(java.lang.String,java.lang.String)&amp#27;[0m
  &amp#27;[36mThen &amp#27;[0m&amp#27;[36mthe API call got success with status code &amp#27;[0m&amp#27;[36m&amp#27;[1m200&amp#27;[0m         &amp#27;[90m# stepDefinition.User.the_api_call_got_success_with_status_code(int)&amp#27;[0m
  &amp#27;[36mAnd &amp#27;[0m&amp#27;[36m&amp#27;[0m&amp#27;[36m&amp#27;[1m"status"&amp#27;[0m&amp#27;[36m in response body is &amp#27;[0m&amp#27;[36m&amp#27;[1m"OK"&amp#27;[0m                      &amp#27;[90m# stepDefinition.User.in_response_body_is(java.lang.String,java.lang.String)&amp#27;[0m
  &amp#27;[36mAnd &amp#27;[0m&amp#27;[36mverify user  &amp#27;[0m&amp#27;[36m&amp#27;[1m"GetuseridAPI"&amp#27;[0m&amp#27;[36m using &amp#27;[0m&amp#27;[36m&amp#27;[1m"GET"&amp#27;[0m                &amp#27;[90m# stepDefinition.User.verify_user_id_using(java.lang.String,java.lang.String)&amp#27;[0m
]]></system-out>
  </testcase>
</testsuite>