<?xml version="1.0" encoding="UTF-8"?>
<testng-results ignored="0" total="0" passed="0" failed="0" skipped="0">
  <reporter-output>
  </reporter-output>
  <suite started-at="2024-03-18T13:22:34 EDT" name="Default suite" finished-at="2024-03-18T13:22:35 EDT" duration-ms="216">
    <groups>
      <group name="cucumber">
        <method signature="AbstractTestNGCucumberTests.runScenario(io.cucumber.testng.PickleWrapper,io.cucumber.testng.FeatureWrapper)[pri:0, instance:cucumber.options.TestRunner@3724af13]" name="runScenario" class="io.cucumber.testng.AbstractTestNGCucumberTests"/>
      </group> <!-- cucumber -->
    </groups>
    <test started-at="2024-03-18T13:22:34 EDT" name="Default test" finished-at="2024-03-18T13:22:35 EDT" duration-ms="216">
      <class name="cucumber.options.TestRunner">
        <test-method is-config="true" signature="setUpClass(org.testng.ITestContext)[pri:0, instance:cucumber.options.TestRunner@3724af13]" started-at="2024-03-18T13:22:34 EDT" name="setUpClass" finished-at="2024-03-18T13:22:35 EDT" duration-ms="176" status="PASS">
          <params>
            <param index="0">
              <value>
                <![CDATA[org.testng.TestRunner@388ffbc2]]>
              </value>
            </param>
          </params>
          <reporter-output>
          </reporter-output>
        </test-method> <!-- setUpClass -->
        <test-method is-config="true" signature="tearDownClass()[pri:0, instance:cucumber.options.TestRunner@3724af13]" started-at="2024-03-18T13:22:35 EDT" name="tearDownClass" finished-at="2024-03-18T13:22:35 EDT" duration-ms="10" status="PASS">
          <reporter-output>
          </reporter-output>
        </test-method> <!-- tearDownClass -->
      </class> <!-- cucumber.options.TestRunner -->
    </test> <!-- Default test -->
  </suite> <!-- Default suite -->
</testng-results>
